Vivado Simulator 2020.2
Time resolution is 1 ps
 Block Memory Generator module loading initial data...
 Block Memory Generator data initialization complete.
Block Memory Generator module tb_top.soc_lite.inst_ram.inst.\native_mem_module.blk_mem_gen_v8_4_4_inst  is using a behavioral model for simulation which will not precisely model memory collision behavior.
Block Memory Generator module tb_top.soc_lite.data_ram.inst.\native_mem_module.blk_mem_gen_v8_4_4_inst  is using a behavioral model for simulation which will not precisely model memory collision behavior.
==============================================================
Test begin!
        [  22000 ns] Test is running, debug_wb_pc = 0xbfc0853c
        [  32000 ns] Test is running, debug_wb_pc = 0xbfc08864
        [  42000 ns] Test is running, debug_wb_pc = 0xbfc08bc0
        [  52000 ns] Test is running, debug_wb_pc = 0xbfc08f38
----[  60315 ns] Number 8'd01 Functional Test Point PASS!!!
        [  62000 ns] Test is running, debug_wb_pc = 0xbfc58a0c
        [  72000 ns] Test is running, debug_wb_pc = 0xbfc58d6c
        [  82000 ns] Test is running, debug_wb_pc = 0xbfc59090
        [  92000 ns] Test is running, debug_wb_pc = 0xbfc59398
        [ 102000 ns] Test is running, debug_wb_pc = 0xbfc596cc
        [ 112000 ns] Test is running, debug_wb_pc = 0xbfc599ac
        [ 122000 ns] Test is running, debug_wb_pc = 0xbfc59c98
        [ 132000 ns] Test is running, debug_wb_pc = 0xbfc59fa4
        [ 142000 ns] Test is running, debug_wb_pc = 0xbfc5a284
        [ 152000 ns] Test is running, debug_wb_pc = 0xbfc5a5cc
        [ 162000 ns] Test is running, debug_wb_pc = 0xbfc5a8d4
        [ 172000 ns] Test is running, debug_wb_pc = 0xbfc5abe0
        [ 182000 ns] Test is running, debug_wb_pc = 0xbfc5af24
        [ 192000 ns] Test is running, debug_wb_pc = 0xbfc5b210
----[ 199135 ns] Number 8'd02 Functional Test Point PASS!!!
        [ 202000 ns] Test is running, debug_wb_pc = 0xbfc95e74
        [ 212000 ns] Test is running, debug_wb_pc = 0xbfc96190
        [ 222000 ns] Test is running, debug_wb_pc = 0xbfc964a0
        [ 232000 ns] Test is running, debug_wb_pc = 0xbfc967d8
        [ 242000 ns] Test is running, debug_wb_pc = 0xbfc96b24
        [ 252000 ns] Test is running, debug_wb_pc = 0xbfc96e80
        [ 262000 ns] Test is running, debug_wb_pc = 0xbfc97170
        [ 272000 ns] Test is running, debug_wb_pc = 0xbfc974a8
        [ 282000 ns] Test is running, debug_wb_pc = 0xbfc977e0
        [ 292000 ns] Test is running, debug_wb_pc = 0xbfc97b14
        [ 302000 ns] Test is running, debug_wb_pc = 0xbfc97e9c
----[ 304045 ns] Number 8'd03 Functional Test Point PASS!!!
        [ 312000 ns] Test is running, debug_wb_pc = 0xbfc9bfd4
        [ 322000 ns] Test is running, debug_wb_pc = 0xbfc9c2fc
        [ 332000 ns] Test is running, debug_wb_pc = 0xbfc9c698
        [ 342000 ns] Test is running, debug_wb_pc = 0xbfc9c9b4
        [ 352000 ns] Test is running, debug_wb_pc = 0xbfc9cca0
        [ 362000 ns] Test is running, debug_wb_pc = 0xbfc9d004
        [ 372000 ns] Test is running, debug_wb_pc = 0xbfc9d384
        [ 382000 ns] Test is running, debug_wb_pc = 0xbfc9d66c
        [ 392000 ns] Test is running, debug_wb_pc = 0xbfc9d984
        [ 402000 ns] Test is running, debug_wb_pc = 0xbfc9dccc
        [ 412000 ns] Test is running, debug_wb_pc = 0xbfc9dfc8
        [ 422000 ns] Test is running, debug_wb_pc = 0xbfc9e318
        [ 432000 ns] Test is running, debug_wb_pc = 0xbfc9e670
----[ 439015 ns] Number 8'd04 Functional Test Point PASS!!!
        [ 442000 ns] Test is running, debug_wb_pc = 0xbfc38d1c
        [ 452000 ns] Test is running, debug_wb_pc = 0xbfc39054
        [ 462000 ns] Test is running, debug_wb_pc = 0xbfc3937c
        [ 472000 ns] Test is running, debug_wb_pc = 0xbfc39694
        [ 482000 ns] Test is running, debug_wb_pc = 0xbfc399b4
        [ 492000 ns] Test is running, debug_wb_pc = 0xbfc39cc0
        [ 502000 ns] Test is running, debug_wb_pc = 0xbfc39fd8
        [ 512000 ns] Test is running, debug_wb_pc = 0xbfc3a2f8
        [ 522000 ns] Test is running, debug_wb_pc = 0xbfc3a644
        [ 532000 ns] Test is running, debug_wb_pc = 0xbfc3a9a4
        [ 542000 ns] Test is running, debug_wb_pc = 0xbfc3ace8
        [ 552000 ns] Test is running, debug_wb_pc = 0xbfc3b040
        [ 562000 ns] Test is running, debug_wb_pc = 0xbfc3b330
        [ 572000 ns] Test is running, debug_wb_pc = 0xbfc3b67c
----[ 573245 ns] Number 8'd05 Functional Test Point PASS!!!
        [ 582000 ns] Test is running, debug_wb_pc = 0xbfc61a58
        [ 592000 ns] Test is running, debug_wb_pc = 0xbfc61d64
        [ 602000 ns] Test is running, debug_wb_pc = 0xbfc62084
        [ 612000 ns] Test is running, debug_wb_pc = 0xbfc623b8
        [ 622000 ns] Test is running, debug_wb_pc = 0xbfc626ec
        [ 632000 ns] Test is running, debug_wb_pc = 0xbfc629d4
        [ 642000 ns] Test is running, debug_wb_pc = 0xbfc62cbc
        [ 652000 ns] Test is running, debug_wb_pc = 0xbfc63038
        [ 662000 ns] Test is running, debug_wb_pc = 0xbfc6331c
        [ 672000 ns] Test is running, debug_wb_pc = 0xbfc63648
        [ 682000 ns] Test is running, debug_wb_pc = 0xbfc6397c
        [ 692000 ns] Test is running, debug_wb_pc = 0xbfc63d1c
        [ 702000 ns] Test is running, debug_wb_pc = 0xbfc64050
----[ 707865 ns] Number 8'd06 Functional Test Point PASS!!!
        [ 712000 ns] Test is running, debug_wb_pc = 0xbfc3bcec
        [ 722000 ns] Test is running, debug_wb_pc = 0xbfc3c008
        [ 732000 ns] Test is running, debug_wb_pc = 0xbfc3c330
        [ 742000 ns] Test is running, debug_wb_pc = 0xbfc3c654
        [ 752000 ns] Test is running, debug_wb_pc = 0xbfc3c958
        [ 762000 ns] Test is running, debug_wb_pc = 0xbfc3cc88
        [ 772000 ns] Test is running, debug_wb_pc = 0xbfc3cfc8
        [ 782000 ns] Test is running, debug_wb_pc = 0xbfc3d310
        [ 792000 ns] Test is running, debug_wb_pc = 0xbfc3d5d8
        [ 802000 ns] Test is running, debug_wb_pc = 0xbfc3d8e8
        [ 812000 ns] Test is running, debug_wb_pc = 0xbfc3dc0c
        [ 822000 ns] Test is running, debug_wb_pc = 0xbfc3df3c
        [ 832000 ns] Test is running, debug_wb_pc = 0xbfc3e214
        [ 842000 ns] Test is running, debug_wb_pc = 0xbfc3e57c
----[ 845665 ns] Number 8'd07 Functional Test Point PASS!!!
        [ 852000 ns] Test is running, debug_wb_pc = 0xbfc7e788
        [ 862000 ns] Test is running, debug_wb_pc = 0xbfc7eac0
        [ 872000 ns] Test is running, debug_wb_pc = 0xbfc7edfc
        [ 882000 ns] Test is running, debug_wb_pc = 0xbfc7f154
        [ 892000 ns] Test is running, debug_wb_pc = 0xbfc7f45c
        [ 902000 ns] Test is running, debug_wb_pc = 0xbfc7f790
        [ 912000 ns] Test is running, debug_wb_pc = 0xbfc7fab8
        [ 922000 ns] Test is running, debug_wb_pc = 0xbfc7fda8
        [ 932000 ns] Test is running, debug_wb_pc = 0xbfc800f8
        [ 942000 ns] Test is running, debug_wb_pc = 0xbfc80448
        [ 952000 ns] Test is running, debug_wb_pc = 0xbfc80748
        [ 962000 ns] Test is running, debug_wb_pc = 0xbfc80a3c
        [ 972000 ns] Test is running, debug_wb_pc = 0xbfc80d08
        [ 982000 ns] Test is running, debug_wb_pc = 0xbfc80ff8
----[ 983205 ns] Number 8'd08 Functional Test Point PASS!!!
        [ 992000 ns] Test is running, debug_wb_pc = 0xbfc40d44
        [1002000 ns] Test is running, debug_wb_pc = 0xbfc4107c
        [1012000 ns] Test is running, debug_wb_pc = 0xbfc41384
        [1022000 ns] Test is running, debug_wb_pc = 0xbfc4169c
        [1032000 ns] Test is running, debug_wb_pc = 0xbfc419c0
        [1042000 ns] Test is running, debug_wb_pc = 0xbfc41cf4
        [1052000 ns] Test is running, debug_wb_pc = 0xbfc42054
        [1062000 ns] Test is running, debug_wb_pc = 0xbfc4239c
        [1072000 ns] Test is running, debug_wb_pc = 0xbfc426e8
        [1082000 ns] Test is running, debug_wb_pc = 0xbfc429fc
        [1092000 ns] Test is running, debug_wb_pc = 0xbfc42d44
        [1102000 ns] Test is running, debug_wb_pc = 0xbfc43048
        [1112000 ns] Test is running, debug_wb_pc = 0xbfc433a0
----[1117555 ns] Number 8'd09 Functional Test Point PASS!!!
        [1122000 ns] Test is running, debug_wb_pc = 0xbfc55d58
        [1132000 ns] Test is running, debug_wb_pc = 0xbfc56028
        [1142000 ns] Test is running, debug_wb_pc = 0xbfc56358
        [1152000 ns] Test is running, debug_wb_pc = 0xbfc56670
        [1162000 ns] Test is running, debug_wb_pc = 0xbfc56990
        [1172000 ns] Test is running, debug_wb_pc = 0xbfc56cd0
        [1182000 ns] Test is running, debug_wb_pc = 0xbfc57008
        [1192000 ns] Test is running, debug_wb_pc = 0xbfc5731c
        [1202000 ns] Test is running, debug_wb_pc = 0xbfc57630
        [1212000 ns] Test is running, debug_wb_pc = 0xbfc57910
        [1222000 ns] Test is running, debug_wb_pc = 0xbfc57bb4
        [1232000 ns] Test is running, debug_wb_pc = 0xbfc57eb8
        [1242000 ns] Test is running, debug_wb_pc = 0xbfc581e0
        [1252000 ns] Test is running, debug_wb_pc = 0xbfc58500
----[1257925 ns] Number 8'd10 Functional Test Point PASS!!!
        [1262000 ns] Test is running, debug_wb_pc = 0xbfc6431c
        [1272000 ns] Test is running, debug_wb_pc = 0xbfc64638
        [1282000 ns] Test is running, debug_wb_pc = 0xbfc64994
        [1292000 ns] Test is running, debug_wb_pc = 0xbfc64c80
        [1302000 ns] Test is running, debug_wb_pc = 0xbfc64fcc
        [1312000 ns] Test is running, debug_wb_pc = 0xbfc652ec
        [1322000 ns] Test is running, debug_wb_pc = 0xbfc655cc
        [1332000 ns] Test is running, debug_wb_pc = 0xbfc658e4
        [1342000 ns] Test is running, debug_wb_pc = 0xbfc65c3c
        [1352000 ns] Test is running, debug_wb_pc = 0xbfc65f78
        [1362000 ns] Test is running, debug_wb_pc = 0xbfc662a8
----[1364135 ns] Number 8'd11 Functional Test Point PASS!!!
        [1372000 ns] Test is running, debug_wb_pc = 0xbfc36d70
        [1382000 ns] Test is running, debug_wb_pc = 0xbfc37078
        [1392000 ns] Test is running, debug_wb_pc = 0xbfc3738c
        [1402000 ns] Test is running, debug_wb_pc = 0xbfc376a8
        [1412000 ns] Test is running, debug_wb_pc = 0xbfc379b8
        [1422000 ns] Test is running, debug_wb_pc = 0xbfc37cc0
        [1432000 ns] Test is running, debug_wb_pc = 0xbfc38024
        [1442000 ns] Test is running, debug_wb_pc = 0xbfc38360
        [1452000 ns] Test is running, debug_wb_pc = 0xbfc38670
        [1462000 ns] Test is running, debug_wb_pc = 0xbfc389ac
----[1470725 ns] Number 8'd12 Functional Test Point PASS!!!
        [1472000 ns] Test is running, debug_wb_pc = 0xbfc0e400
        [1482000 ns] Test is running, debug_wb_pc = 0xbfc0e75c
        [1492000 ns] Test is running, debug_wb_pc = 0xbfc0ea78
        [1502000 ns] Test is running, debug_wb_pc = 0xbfc0ed70
        [1512000 ns] Test is running, debug_wb_pc = 0xbfc0f088
        [1522000 ns] Test is running, debug_wb_pc = 0xbfc0f3c0
        [1532000 ns] Test is running, debug_wb_pc = 0xbfc0f710
        [1542000 ns] Test is running, debug_wb_pc = 0xbfc0fa58
        [1552000 ns] Test is running, debug_wb_pc = 0xbfc0fd60
        [1562000 ns] Test is running, debug_wb_pc = 0xbfc1004c
        [1572000 ns] Test is running, debug_wb_pc = 0xbfc10388
----[1577145 ns] Number 8'd13 Functional Test Point PASS!!!
        [1582000 ns] Test is running, debug_wb_pc = 0xbfc325bc
        [1592000 ns] Test is running, debug_wb_pc = 0xbfc32948
        [1602000 ns] Test is running, debug_wb_pc = 0xbfc32c4c
        [1612000 ns] Test is running, debug_wb_pc = 0xbfc32f90
        [1622000 ns] Test is running, debug_wb_pc = 0xbfc33260
        [1632000 ns] Test is running, debug_wb_pc = 0xbfc33540
----[1633565 ns] Number 8'd14 Functional Test Point PASS!!!
        [1642000 ns] Test is running, debug_wb_pc = 0xbfc2dd34
        [1652000 ns] Test is running, debug_wb_pc = 0xbfc2e030
        [1662000 ns] Test is running, debug_wb_pc = 0xbfc2e374
        [1672000 ns] Test is running, debug_wb_pc = 0xbfc2e690
        [1682000 ns] Test is running, debug_wb_pc = 0xbfc2e9dc
        [1692000 ns] Test is running, debug_wb_pc = 0xbfc2ece4
----[1693195 ns] Number 8'd15 Functional Test Point PASS!!!
        [1702000 ns] Test is running, debug_wb_pc = 0xbfc89478
        [1712000 ns] Test is running, debug_wb_pc = 0xbfc898f0
        [1722000 ns] Test is running, debug_wb_pc = 0xbfc89ddc
        [1732000 ns] Test is running, debug_wb_pc = 0xbfc8a25c
        [1742000 ns] Test is running, debug_wb_pc = 0xbfc8a774
        [1752000 ns] Test is running, debug_wb_pc = 0xbfc8ac6c
        [1762000 ns] Test is running, debug_wb_pc = 0xbfc8b110
        [1772000 ns] Test is running, debug_wb_pc = 0xbfc8b594
        [1782000 ns] Test is running, debug_wb_pc = 0xbfc8ba3c
        [1792000 ns] Test is running, debug_wb_pc = 0xbfc8bf1c
        [1802000 ns] Test is running, debug_wb_pc = 0xbfc8c300
        [1812000 ns] Test is running, debug_wb_pc = 0xbfc8c6d8
        [1822000 ns] Test is running, debug_wb_pc = 0xbfc8cae8
        [1832000 ns] Test is running, debug_wb_pc = 0xbfc8cebc
        [1842000 ns] Test is running, debug_wb_pc = 0xbfc8d2a4
        [1852000 ns] Test is running, debug_wb_pc = 0xbfc8d6bc
        [1862000 ns] Test is running, debug_wb_pc = 0xbfc8da88
        [1872000 ns] Test is running, debug_wb_pc = 0xbfc8de10
        [1882000 ns] Test is running, debug_wb_pc = 0xbfc8e258
        [1892000 ns] Test is running, debug_wb_pc = 0xbfc8e650
        [1902000 ns] Test is running, debug_wb_pc = 0xbfc8ea50
        [1912000 ns] Test is running, debug_wb_pc = 0xbfc8ee10
        [1922000 ns] Test is running, debug_wb_pc = 0xbfc8f2ac
        [1932000 ns] Test is running, debug_wb_pc = 0xbfc8f7a8
        [1942000 ns] Test is running, debug_wb_pc = 0xbfc8fc28
        [1952000 ns] Test is running, debug_wb_pc = 0xbfc900d8
        [1962000 ns] Test is running, debug_wb_pc = 0xbfc90600
        [1972000 ns] Test is running, debug_wb_pc = 0xbfc90ac0
        [1982000 ns] Test is running, debug_wb_pc = 0xbfc90fc8
        [1992000 ns] Test is running, debug_wb_pc = 0xbfc9144c
        [2002000 ns] Test is running, debug_wb_pc = 0xbfc9195c
----[2011375 ns] Number 8'd16 Functional Test Point PASS!!!
        [2012000 ns] Test is running, debug_wb_pc = 0xbfc00d6c
        [2022000 ns] Test is running, debug_wb_pc = 0xbfc9efb0
        [2032000 ns] Test is running, debug_wb_pc = 0xbfc9f3dc
        [2042000 ns] Test is running, debug_wb_pc = 0xbfc9f7e0
        [2052000 ns] Test is running, debug_wb_pc = 0xbfc9fb68
        [2062000 ns] Test is running, debug_wb_pc = 0xbfc9fef4
        [2072000 ns] Test is running, debug_wb_pc = 0xbfca0250
        [2082000 ns] Test is running, debug_wb_pc = 0xbfca06d0
        [2092000 ns] Test is running, debug_wb_pc = 0xbfca0aa8
        [2102000 ns] Test is running, debug_wb_pc = 0xbfca0ea0
        [2112000 ns] Test is running, debug_wb_pc = 0xbfca128c
        [2122000 ns] Test is running, debug_wb_pc = 0xbfca16c8
        [2132000 ns] Test is running, debug_wb_pc = 0xbfca1ac8
        [2142000 ns] Test is running, debug_wb_pc = 0xbfca1f80
        [2152000 ns] Test is running, debug_wb_pc = 0xbfca2468
        [2162000 ns] Test is running, debug_wb_pc = 0xbfca2914
        [2172000 ns] Test is running, debug_wb_pc = 0xbfca2e10
        [2182000 ns] Test is running, debug_wb_pc = 0xbfca32e8
        [2192000 ns] Test is running, debug_wb_pc = 0xbfca3800
        [2202000 ns] Test is running, debug_wb_pc = 0xbfca3cfc
        [2212000 ns] Test is running, debug_wb_pc = 0xbfca41f0
        [2222000 ns] Test is running, debug_wb_pc = 0xbfca4698
        [2232000 ns] Test is running, debug_wb_pc = 0xbfca4ae4
        [2242000 ns] Test is running, debug_wb_pc = 0xbfca4ee0
        [2252000 ns] Test is running, debug_wb_pc = 0xbfca52f0
        [2262000 ns] Test is running, debug_wb_pc = 0xbfca56d0
        [2272000 ns] Test is running, debug_wb_pc = 0xbfca5a74
        [2282000 ns] Test is running, debug_wb_pc = 0xbfca5ebc
        [2292000 ns] Test is running, debug_wb_pc = 0xbfca62b4
        [2302000 ns] Test is running, debug_wb_pc = 0xbfca6694
        [2312000 ns] Test is running, debug_wb_pc = 0xbfca6b14
        [2322000 ns] Test is running, debug_wb_pc = 0xbfca6ee4
        [2332000 ns] Test is running, debug_wb_pc = 0xbfca72e8
        [2342000 ns] Test is running, debug_wb_pc = 0xbfca771c
----[2346555 ns] Number 8'd17 Functional Test Point PASS!!!
        [2352000 ns] Test is running, debug_wb_pc = 0xbfc697ac
        [2362000 ns] Test is running, debug_wb_pc = 0xbfc69b1c
        [2372000 ns] Test is running, debug_wb_pc = 0xbfc69ec8
        [2382000 ns] Test is running, debug_wb_pc = 0xbfc6a294
        [2392000 ns] Test is running, debug_wb_pc = 0xbfc6a61c
        [2402000 ns] Test is running, debug_wb_pc = 0xbfc6a9f4
        [2412000 ns] Test is running, debug_wb_pc = 0xbfc6adb8
        [2422000 ns] Test is running, debug_wb_pc = 0xbfc6b1c0
        [2432000 ns] Test is running, debug_wb_pc = 0xbfc6b5b8
        [2442000 ns] Test is running, debug_wb_pc = 0xbfc6b954
        [2452000 ns] Test is running, debug_wb_pc = 0xbfc6bd74
        [2462000 ns] Test is running, debug_wb_pc = 0xbfc6c1b4
        [2472000 ns] Test is running, debug_wb_pc = 0xbfc6c588
        [2482000 ns] Test is running, debug_wb_pc = 0xbfc6c920
        [2492000 ns] Test is running, debug_wb_pc = 0xbfc6cc58
        [2502000 ns] Test is running, debug_wb_pc = 0xbfc6d034
        [2512000 ns] Test is running, debug_wb_pc = 0xbfc6d39c
        [2522000 ns] Test is running, debug_wb_pc = 0xbfc6d77c
        [2532000 ns] Test is running, debug_wb_pc = 0xbfc6db6c
        [2542000 ns] Test is running, debug_wb_pc = 0xbfc6df84
        [2552000 ns] Test is running, debug_wb_pc = 0xbfc6e2c4
        [2562000 ns] Test is running, debug_wb_pc = 0xbfc6e688
        [2572000 ns] Test is running, debug_wb_pc = 0xbfc6ea3c
        [2582000 ns] Test is running, debug_wb_pc = 0xbfc6ee04
        [2592000 ns] Test is running, debug_wb_pc = 0xbfc6f1dc
        [2602000 ns] Test is running, debug_wb_pc = 0xbfc6f5c4
        [2612000 ns] Test is running, debug_wb_pc = 0xbfc6f904
        [2622000 ns] Test is running, debug_wb_pc = 0xbfc6fd48
----[2630455 ns] Number 8'd18 Functional Test Point PASS!!!
        [2632000 ns] Test is running, debug_wb_pc = 0xbfc16e6c
        [2642000 ns] Test is running, debug_wb_pc = 0xbfc171d8
        [2652000 ns] Test is running, debug_wb_pc = 0xbfc17624
        [2662000 ns] Test is running, debug_wb_pc = 0xbfc17a08
        [2672000 ns] Test is running, debug_wb_pc = 0xbfc17df0
        [2682000 ns] Test is running, debug_wb_pc = 0xbfc18188
        [2692000 ns] Test is running, debug_wb_pc = 0xbfc18588
        [2702000 ns] Test is running, debug_wb_pc = 0xbfc18930
        [2712000 ns] Test is running, debug_wb_pc = 0xbfc18d30
        [2722000 ns] Test is running, debug_wb_pc = 0xbfc19140
        [2732000 ns] Test is running, debug_wb_pc = 0xbfc1952c
        [2742000 ns] Test is running, debug_wb_pc = 0xbfc19928
        [2752000 ns] Test is running, debug_wb_pc = 0xbfc19cec
        [2762000 ns] Test is running, debug_wb_pc = 0xbfc1a0f4
        [2772000 ns] Test is running, debug_wb_pc = 0xbfc1a4ec
        [2782000 ns] Test is running, debug_wb_pc = 0xbfc1a914
        [2792000 ns] Test is running, debug_wb_pc = 0xbfc1acec
        [2802000 ns] Test is running, debug_wb_pc = 0xbfc1b0d0
        [2812000 ns] Test is running, debug_wb_pc = 0xbfc1b4e4
        [2822000 ns] Test is running, debug_wb_pc = 0xbfc1b8f4
        [2832000 ns] Test is running, debug_wb_pc = 0xbfc1bd00
        [2842000 ns] Test is running, debug_wb_pc = 0xbfc1c0d4
        [2852000 ns] Test is running, debug_wb_pc = 0xbfc1c4cc
        [2862000 ns] Test is running, debug_wb_pc = 0xbfc1c8fc
----[2869665 ns] Number 8'd19 Functional Test Point PASS!!!
        [2872000 ns] Test is running, debug_wb_pc = 0xbfc1e350
----[2879445 ns] Number 8'd20 Functional Test Point PASS!!!
        [2882000 ns] Test is running, debug_wb_pc = 0xbfc33e0c
----[2888165 ns] Number 8'd21 Functional Test Point PASS!!!
        [2892000 ns] Test is running, debug_wb_pc = 0xbfc458c4
----[2894485 ns] Number 8'd22 Functional Test Point PASS!!!
        [2902000 ns] Test is running, debug_wb_pc = 0xbfc1e800
----[2902245 ns] Number 8'd23 Functional Test Point PASS!!!
        [2912000 ns] Test is running, debug_wb_pc = 0xbfc34aac
        [2922000 ns] Test is running, debug_wb_pc = 0xbfc34e0c
        [2932000 ns] Test is running, debug_wb_pc = 0xbfc35100
        [2942000 ns] Test is running, debug_wb_pc = 0xbfc35440
        [2952000 ns] Test is running, debug_wb_pc = 0xbfc35780
        [2962000 ns] Test is running, debug_wb_pc = 0xbfc35a9c
        [2972000 ns] Test is running, debug_wb_pc = 0xbfc35dd0
        [2982000 ns] Test is running, debug_wb_pc = 0xbfc36118
        [2992000 ns] Test is running, debug_wb_pc = 0xbfc3643c
        [3002000 ns] Test is running, debug_wb_pc = 0xbfc367a4
        [3012000 ns] Test is running, debug_wb_pc = 0xbfc36ac4
----[3013465 ns] Number 8'd24 Functional Test Point PASS!!!
        [3022000 ns] Test is running, debug_wb_pc = 0xbfc14d04
        [3032000 ns] Test is running, debug_wb_pc = 0xbfc14fec
        [3042000 ns] Test is running, debug_wb_pc = 0xbfc15304
        [3052000 ns] Test is running, debug_wb_pc = 0xbfc1564c
        [3062000 ns] Test is running, debug_wb_pc = 0xbfc159d8
        [3072000 ns] Test is running, debug_wb_pc = 0xbfc15cbc
        [3082000 ns] Test is running, debug_wb_pc = 0xbfc15ffc
        [3092000 ns] Test is running, debug_wb_pc = 0xbfc1632c
        [3102000 ns] Test is running, debug_wb_pc = 0xbfc16698
        [3112000 ns] Test is running, debug_wb_pc = 0xbfc169b8
----[3118525 ns] Number 8'd25 Functional Test Point PASS!!!
        [3122000 ns] Test is running, debug_wb_pc = 0xbfc10598
        [3132000 ns] Test is running, debug_wb_pc = 0xbfc108d8
        [3142000 ns] Test is running, debug_wb_pc = 0xbfc10b88
        [3152000 ns] Test is running, debug_wb_pc = 0xbfc10ee4
        [3162000 ns] Test is running, debug_wb_pc = 0xbfc11238
        [3172000 ns] Test is running, debug_wb_pc = 0xbfc11530
        [3182000 ns] Test is running, debug_wb_pc = 0xbfc11884
        [3192000 ns] Test is running, debug_wb_pc = 0xbfc11b5c
        [3202000 ns] Test is running, debug_wb_pc = 0xbfc11eac
        [3212000 ns] Test is running, debug_wb_pc = 0xbfc121d4
        [3222000 ns] Test is running, debug_wb_pc = 0xbfc124e8
----[3230125 ns] Number 8'd26 Functional Test Point PASS!!!
        [3232000 ns] Test is running, debug_wb_pc = 0xbfc2f380
        [3242000 ns] Test is running, debug_wb_pc = 0xbfc2f6d8
        [3252000 ns] Test is running, debug_wb_pc = 0xbfc2fa10
        [3262000 ns] Test is running, debug_wb_pc = 0xbfc2fd48
        [3272000 ns] Test is running, debug_wb_pc = 0xbfc30084
        [3282000 ns] Test is running, debug_wb_pc = 0xbfc303e8
        [3292000 ns] Test is running, debug_wb_pc = 0xbfc30740
        [3302000 ns] Test is running, debug_wb_pc = 0xbfc30a6c
        [3312000 ns] Test is running, debug_wb_pc = 0xbfc30d64
        [3322000 ns] Test is running, debug_wb_pc = 0xbfc310a8
        [3332000 ns] Test is running, debug_wb_pc = 0xbfc3142c
----[3332545 ns] Number 8'd27 Functional Test Point PASS!!!
        [3342000 ns] Test is running, debug_wb_pc = 0xbfc0b700
        [3352000 ns] Test is running, debug_wb_pc = 0xbfc0ba2c
        [3362000 ns] Test is running, debug_wb_pc = 0xbfc0bd48
        [3372000 ns] Test is running, debug_wb_pc = 0xbfc0c04c
        [3382000 ns] Test is running, debug_wb_pc = 0xbfc0c378
        [3392000 ns] Test is running, debug_wb_pc = 0xbfc0c704
        [3402000 ns] Test is running, debug_wb_pc = 0xbfc0c9d4
        [3412000 ns] Test is running, debug_wb_pc = 0xbfc0cd18
        [3422000 ns] Test is running, debug_wb_pc = 0xbfc0d01c
        [3432000 ns] Test is running, debug_wb_pc = 0xbfc0d374
----[3438335 ns] Number 8'd28 Functional Test Point PASS!!!
        [3442000 ns] Test is running, debug_wb_pc = 0xbfc45af8
        [3452000 ns] Test is running, debug_wb_pc = 0xbfc45e5c
        [3462000 ns] Test is running, debug_wb_pc = 0xbfc4615c
        [3472000 ns] Test is running, debug_wb_pc = 0xbfc4648c
        [3482000 ns] Test is running, debug_wb_pc = 0xbfc467e4
        [3492000 ns] Test is running, debug_wb_pc = 0xbfc46b38
        [3502000 ns] Test is running, debug_wb_pc = 0xbfc46e64
        [3512000 ns] Test is running, debug_wb_pc = 0xbfc471ec
        [3522000 ns] Test is running, debug_wb_pc = 0xbfc4752c
        [3532000 ns] Test is running, debug_wb_pc = 0xbfc477e8
        [3542000 ns] Test is running, debug_wb_pc = 0xbfc47b24
----[3542095 ns] Number 8'd29 Functional Test Point PASS!!!
        [3552000 ns] Test is running, debug_wb_pc = 0xbfc3e988
        [3562000 ns] Test is running, debug_wb_pc = 0xbfc3ec80
        [3572000 ns] Test is running, debug_wb_pc = 0xbfc3efa8
        [3582000 ns] Test is running, debug_wb_pc = 0xbfc3f320
        [3592000 ns] Test is running, debug_wb_pc = 0xbfc3f630
        [3602000 ns] Test is running, debug_wb_pc = 0xbfc3f96c
        [3612000 ns] Test is running, debug_wb_pc = 0xbfc3fc54
        [3622000 ns] Test is running, debug_wb_pc = 0xbfc3ff2c
        [3632000 ns] Test is running, debug_wb_pc = 0xbfc40260
        [3642000 ns] Test is running, debug_wb_pc = 0xbfc4055c
----[3648885 ns] Number 8'd30 Functional Test Point PASS!!!
        [3652000 ns] Test is running, debug_wb_pc = 0xbfc093d0
        [3662000 ns] Test is running, debug_wb_pc = 0xbfc096ec
        [3672000 ns] Test is running, debug_wb_pc = 0xbfc09a44
        [3682000 ns] Test is running, debug_wb_pc = 0xbfc09d40
        [3692000 ns] Test is running, debug_wb_pc = 0xbfc0a08c
        [3702000 ns] Test is running, debug_wb_pc = 0xbfc0a39c
        [3712000 ns] Test is running, debug_wb_pc = 0xbfc0a6a4
        [3722000 ns] Test is running, debug_wb_pc = 0xbfc0a9b0
        [3732000 ns] Test is running, debug_wb_pc = 0xbfc0acf8
        [3742000 ns] Test is running, debug_wb_pc = 0xbfc0aff8
        [3752000 ns] Test is running, debug_wb_pc = 0xbfc0b2a0
----[3756665 ns] Number 8'd31 Functional Test Point PASS!!!
        [3762000 ns] Test is running, debug_wb_pc = 0xbfc66470
        [3772000 ns] Test is running, debug_wb_pc = 0xbfc66778
        [3782000 ns] Test is running, debug_wb_pc = 0xbfc66a94
        [3792000 ns] Test is running, debug_wb_pc = 0xbfc66e14
        [3802000 ns] Test is running, debug_wb_pc = 0xbfc67158
        [3812000 ns] Test is running, debug_wb_pc = 0xbfc6748c
        [3822000 ns] Test is running, debug_wb_pc = 0xbfc677b8
        [3832000 ns] Test is running, debug_wb_pc = 0xbfc67a88
        [3842000 ns] Test is running, debug_wb_pc = 0xbfc67d9c
        [3852000 ns] Test is running, debug_wb_pc = 0xbfc680e8
        [3862000 ns] Test is running, debug_wb_pc = 0xbfc68414
        [3872000 ns] Test is running, debug_wb_pc = 0xbfc68718
        [3882000 ns] Test is running, debug_wb_pc = 0xbfc68a44
        [3892000 ns] Test is running, debug_wb_pc = 0xbfc68d58
----[3893645 ns] Number 8'd32 Functional Test Point PASS!!!
        [3902000 ns] Test is running, debug_wb_pc = 0xbfc86848
        [3912000 ns] Test is running, debug_wb_pc = 0xbfc86b98
        [3922000 ns] Test is running, debug_wb_pc = 0xbfc86eac
        [3932000 ns] Test is running, debug_wb_pc = 0xbfc87188
        [3942000 ns] Test is running, debug_wb_pc = 0xbfc874f0
        [3952000 ns] Test is running, debug_wb_pc = 0xbfc87878
        [3962000 ns] Test is running, debug_wb_pc = 0xbfc87b9c
        [3972000 ns] Test is running, debug_wb_pc = 0xbfc87e84
        [3982000 ns] Test is running, debug_wb_pc = 0xbfc881ac
        [3992000 ns] Test is running, debug_wb_pc = 0xbfc8848c
        [4002000 ns] Test is running, debug_wb_pc = 0xbfc887a8
        [4012000 ns] Test is running, debug_wb_pc = 0xbfc88a84
        [4022000 ns] Test is running, debug_wb_pc = 0xbfc88dd4
----[4030255 ns] Number 8'd33 Functional Test Point PASS!!!
        [4032000 ns] Test is running, debug_wb_pc = 0xbfc7b8a8
        [4042000 ns] Test is running, debug_wb_pc = 0xbfc7bbd0
        [4052000 ns] Test is running, debug_wb_pc = 0xbfc7bebc
        [4062000 ns] Test is running, debug_wb_pc = 0xbfc7c1fc
        [4072000 ns] Test is running, debug_wb_pc = 0xbfc7c524
        [4082000 ns] Test is running, debug_wb_pc = 0xbfc7c868
        [4092000 ns] Test is running, debug_wb_pc = 0xbfc7cb8c
        [4102000 ns] Test is running, debug_wb_pc = 0xbfc7ced4
        [4112000 ns] Test is running, debug_wb_pc = 0xbfc7d22c
        [4122000 ns] Test is running, debug_wb_pc = 0xbfc7d538
        [4132000 ns] Test is running, debug_wb_pc = 0xbfc7d8a8
        [4142000 ns] Test is running, debug_wb_pc = 0xbfc7dbac
        [4152000 ns] Test is running, debug_wb_pc = 0xbfc7ded8
        [4162000 ns] Test is running, debug_wb_pc = 0xbfc7e204
----[4164525 ns] Number 8'd34 Functional Test Point PASS!!!
        [4172000 ns] Test is running, debug_wb_pc = 0xbfc0665c
        [4182000 ns] Test is running, debug_wb_pc = 0xbfc068b8
        [4192000 ns] Test is running, debug_wb_pc = 0xbfc06b04
        [4202000 ns] Test is running, debug_wb_pc = 0xbfc06d70
        [4212000 ns] Test is running, debug_wb_pc = 0xbfc06fac
        [4222000 ns] Test is running, debug_wb_pc = 0xbfc07214
        [4232000 ns] Test is running, debug_wb_pc = 0xbfc07460
        [4242000 ns] Test is running, debug_wb_pc = 0xbfc076c0
        [4252000 ns] Test is running, debug_wb_pc = 0xbfc0792c
        [4262000 ns] Test is running, debug_wb_pc = 0xbfc07b80
        [4272000 ns] Test is running, debug_wb_pc = 0xbfc07dd0
----[4280135 ns] Number 8'd35 Functional Test Point PASS!!!
        [4282000 ns] Test is running, debug_wb_pc = 0xbfc9343c
        [4292000 ns] Test is running, debug_wb_pc = 0xbfc9368c
        [4302000 ns] Test is running, debug_wb_pc = 0xbfc938b0
        [4312000 ns] Test is running, debug_wb_pc = 0xbfc93ad0
        [4322000 ns] Test is running, debug_wb_pc = 0xbfc93ce0
        [4332000 ns] Test is running, debug_wb_pc = 0xbfc93f14
        [4342000 ns] Test is running, debug_wb_pc = 0xbfc94170
        [4352000 ns] Test is running, debug_wb_pc = 0xbfc943bc
        [4362000 ns] Test is running, debug_wb_pc = 0xbfc945f8
        [4372000 ns] Test is running, debug_wb_pc = 0xbfc94844
        [4382000 ns] Test is running, debug_wb_pc = 0xbfc94aac
        [4392000 ns] Test is running, debug_wb_pc = 0xbfc94cec
        [4402000 ns] Test is running, debug_wb_pc = 0xbfc94f44
        [4412000 ns] Test is running, debug_wb_pc = 0xbfc951ac
        [4422000 ns] Test is running, debug_wb_pc = 0xbfc95410
        [4432000 ns] Test is running, debug_wb_pc = 0xbfc9567c
        [4442000 ns] Test is running, debug_wb_pc = 0xbfc958dc
----[4451185 ns] Number 8'd36 Functional Test Point PASS!!!
        [4452000 ns] Test is running, debug_wb_pc = 0xbfc00d68
        [4462000 ns] Test is running, debug_wb_pc = 0xbfc4a1e0
        [4472000 ns] Test is running, debug_wb_pc = 0xbfc4a4b0
        [4482000 ns] Test is running, debug_wb_pc = 0xbfc4a79c
        [4492000 ns] Test is running, debug_wb_pc = 0xbfc4aaa0
        [4502000 ns] Test is running, debug_wb_pc = 0xbfc4adc4
        [4512000 ns] Test is running, debug_wb_pc = 0xbfc4b0cc
        [4522000 ns] Test is running, debug_wb_pc = 0xbfc4b42c
        [4532000 ns] Test is running, debug_wb_pc = 0xbfc4b76c
        [4542000 ns] Test is running, debug_wb_pc = 0xbfc4bad4
        [4552000 ns] Test is running, debug_wb_pc = 0xbfc4be34
        [4562000 ns] Test is running, debug_wb_pc = 0xbfc4c0fc
----[4568715 ns] Number 8'd37 Functional Test Point PASS!!!
        [4572000 ns] Test is running, debug_wb_pc = 0xbfc12aa0
        [4582000 ns] Test is running, debug_wb_pc = 0xbfc12e50
        [4592000 ns] Test is running, debug_wb_pc = 0xbfc13194
        [4602000 ns] Test is running, debug_wb_pc = 0xbfc134c0
        [4612000 ns] Test is running, debug_wb_pc = 0xbfc13800
        [4622000 ns] Test is running, debug_wb_pc = 0xbfc13b44
        [4632000 ns] Test is running, debug_wb_pc = 0xbfc13e3c
        [4642000 ns] Test is running, debug_wb_pc = 0xbfc1419c
        [4652000 ns] Test is running, debug_wb_pc = 0xbfc14530
        [4662000 ns] Test is running, debug_wb_pc = 0xbfc14884
----[4669315 ns] Number 8'd38 Functional Test Point PASS!!!
        [4672000 ns] Test is running, debug_wb_pc = 0xbfc0d604
        [4682000 ns] Test is running, debug_wb_pc = 0xbfc0d910
        [4692000 ns] Test is running, debug_wb_pc = 0xbfc0dc3c
        [4702000 ns] Test is running, debug_wb_pc = 0xbfc0df30
        [4712000 ns] Test is running, debug_wb_pc = 0xbfc0e208
----[4718515 ns] Number 8'd39 Functional Test Point PASS!!!
        [4722000 ns] Test is running, debug_wb_pc = 0xbfc4896c
        [4732000 ns] Test is running, debug_wb_pc = 0xbfc48c74
        [4742000 ns] Test is running, debug_wb_pc = 0xbfc48f78
        [4752000 ns] Test is running, debug_wb_pc = 0xbfc492d0
        [4762000 ns] Test is running, debug_wb_pc = 0xbfc495a8
----[4767025 ns] Number 8'd40 Functional Test Point PASS!!!
        [4772000 ns] Test is running, debug_wb_pc = 0xbfc47c54
        [4782000 ns] Test is running, debug_wb_pc = 0xbfc47f48
        [4792000 ns] Test is running, debug_wb_pc = 0xbfc482c0
        [4802000 ns] Test is running, debug_wb_pc = 0xbfc4858c
----[4811655 ns] Number 8'd41 Functional Test Point PASS!!!
        [4812000 ns] Test is running, debug_wb_pc = 0xbfc00d68
        [4822000 ns] Test is running, debug_wb_pc = 0xbfc338d0
        [4832000 ns] Test is running, debug_wb_pc = 0xbfc33bec
----[4836545 ns] Number 8'd42 Functional Test Point PASS!!!
        [4842000 ns] Test is running, debug_wb_pc = 0xbfc5cab8
        [4852000 ns] Test is running, debug_wb_pc = 0xbfc5cee0
        [4862000 ns] Test is running, debug_wb_pc = 0xbfc5d2a4
        [4872000 ns] Test is running, debug_wb_pc = 0xbfc5d700
        [4882000 ns] Test is running, debug_wb_pc = 0xbfc5daf8
        [4892000 ns] Test is running, debug_wb_pc = 0xbfc5de88
        [4902000 ns] Test is running, debug_wb_pc = 0xbfc5e2d0
        [4912000 ns] Test is running, debug_wb_pc = 0xbfc5e6d8
        [4922000 ns] Test is running, debug_wb_pc = 0xbfc5eb24
        [4932000 ns] Test is running, debug_wb_pc = 0xbfc5ef5c
        [4942000 ns] Test is running, debug_wb_pc = 0xbfc5f3c0
        [4952000 ns] Test is running, debug_wb_pc = 0xbfc5f7e4
----[4957665 ns] Number 8'd43 Functional Test Point PASS!!!
        [4962000 ns] Test is running, debug_wb_pc = 0xbfc21148
        [4972000 ns] Test is running, debug_wb_pc = 0xbfc21508
        [4982000 ns] Test is running, debug_wb_pc = 0xbfc219bc
        [4992000 ns] Test is running, debug_wb_pc = 0xbfc21e30
        [5002000 ns] Test is running, debug_wb_pc = 0xbfc22280
        [5012000 ns] Test is running, debug_wb_pc = 0xbfc225f8
        [5022000 ns] Test is running, debug_wb_pc = 0xbfc22a00
        [5032000 ns] Test is running, debug_wb_pc = 0xbfc22ebc
        [5042000 ns] Test is running, debug_wb_pc = 0xbfc232fc
        [5052000 ns] Test is running, debug_wb_pc = 0xbfc2377c
        [5062000 ns] Test is running, debug_wb_pc = 0xbfc23c18
        [5072000 ns] Test is running, debug_wb_pc = 0xbfc24058
        [5082000 ns] Test is running, debug_wb_pc = 0xbfc24580
        [5092000 ns] Test is running, debug_wb_pc = 0xbfc249c4
        [5102000 ns] Test is running, debug_wb_pc = 0xbfc24e48
        [5112000 ns] Test is running, debug_wb_pc = 0xbfc252a8
        [5122000 ns] Test is running, debug_wb_pc = 0xbfc2577c
        [5132000 ns] Test is running, debug_wb_pc = 0xbfc25c0c
        [5142000 ns] Test is running, debug_wb_pc = 0xbfc260cc
----[5151125 ns] Number 8'd44 Functional Test Point PASS!!!
        [5152000 ns] Test is running, debug_wb_pc = 0xbfc00d80
        [5162000 ns] Test is running, debug_wb_pc = 0xbfc4e1a4
        [5172000 ns] Test is running, debug_wb_pc = 0xbfc4e668
        [5182000 ns] Test is running, debug_wb_pc = 0xbfc4ea64
        [5192000 ns] Test is running, debug_wb_pc = 0xbfc4eed4
        [5202000 ns] Test is running, debug_wb_pc = 0xbfc4f3f8
        [5212000 ns] Test is running, debug_wb_pc = 0xbfc4f870
        [5222000 ns] Test is running, debug_wb_pc = 0xbfc4fd10
        [5232000 ns] Test is running, debug_wb_pc = 0xbfc50140
        [5242000 ns] Test is running, debug_wb_pc = 0xbfc50580
        [5252000 ns] Test is running, debug_wb_pc = 0xbfc509c0
        [5262000 ns] Test is running, debug_wb_pc = 0xbfc50dec
        [5272000 ns] Test is running, debug_wb_pc = 0xbfc511b4
        [5282000 ns] Test is running, debug_wb_pc = 0xbfc51644
        [5292000 ns] Test is running, debug_wb_pc = 0xbfc51ac0
        [5302000 ns] Test is running, debug_wb_pc = 0xbfc51f34
        [5312000 ns] Test is running, debug_wb_pc = 0xbfc523a4
        [5322000 ns] Test is running, debug_wb_pc = 0xbfc52890
        [5332000 ns] Test is running, debug_wb_pc = 0xbfc52d0c
        [5342000 ns] Test is running, debug_wb_pc = 0xbfc531e0
----[5342315 ns] Number 8'd45 Functional Test Point PASS!!!
        [5352000 ns] Test is running, debug_wb_pc = 0xbfc70478
        [5362000 ns] Test is running, debug_wb_pc = 0xbfc70908
        [5372000 ns] Test is running, debug_wb_pc = 0xbfc70d84
        [5382000 ns] Test is running, debug_wb_pc = 0xbfc71230
        [5392000 ns] Test is running, debug_wb_pc = 0xbfc716a4
        [5402000 ns] Test is running, debug_wb_pc = 0xbfc71b78
        [5412000 ns] Test is running, debug_wb_pc = 0xbfc72048
        [5422000 ns] Test is running, debug_wb_pc = 0xbfc724f8
        [5432000 ns] Test is running, debug_wb_pc = 0xbfc729ac
        [5442000 ns] Test is running, debug_wb_pc = 0xbfc72e14
        [5452000 ns] Test is running, debug_wb_pc = 0xbfc7326c
        [5462000 ns] Test is running, debug_wb_pc = 0xbfc736e8
        [5472000 ns] Test is running, debug_wb_pc = 0xbfc73b78
        [5482000 ns] Test is running, debug_wb_pc = 0xbfc73fc0
        [5492000 ns] Test is running, debug_wb_pc = 0xbfc744b8
        [5502000 ns] Test is running, debug_wb_pc = 0xbfc749b4
        [5512000 ns] Test is running, debug_wb_pc = 0xbfc74df8
        [5522000 ns] Test is running, debug_wb_pc = 0xbfc7528c
----[5528795 ns] Number 8'd46 Functional Test Point PASS!!!
        [5532000 ns] Test is running, debug_wb_pc = 0xbfc982c0
        [5542000 ns] Test is running, debug_wb_pc = 0xbfc986b8
        [5552000 ns] Test is running, debug_wb_pc = 0xbfc98acc
        [5562000 ns] Test is running, debug_wb_pc = 0xbfc98ed0
        [5572000 ns] Test is running, debug_wb_pc = 0xbfc9930c
        [5582000 ns] Test is running, debug_wb_pc = 0xbfc99718
        [5592000 ns] Test is running, debug_wb_pc = 0xbfc99b78
        [5602000 ns] Test is running, debug_wb_pc = 0xbfc99f98
        [5612000 ns] Test is running, debug_wb_pc = 0xbfc9a3e4
        [5622000 ns] Test is running, debug_wb_pc = 0xbfc9a7b0
        [5632000 ns] Test is running, debug_wb_pc = 0xbfc9abe8
        [5642000 ns] Test is running, debug_wb_pc = 0xbfc9b054
        [5652000 ns] Test is running, debug_wb_pc = 0xbfc9b478
        [5662000 ns] Test is running, debug_wb_pc = 0xbfc9b85c
        [5672000 ns] Test is running, debug_wb_pc = 0xbfc9bcd8
----[5675585 ns] Number 8'd47 Functional Test Point PASS!!!
        [5682000 ns] Test is running, debug_wb_pc = 0xbfc00fa0
        [5692000 ns] Test is running, debug_wb_pc = 0xbfc013b4
        [5702000 ns] Test is running, debug_wb_pc = 0xbfc01788
        [5712000 ns] Test is running, debug_wb_pc = 0xbfc01b7c
        [5722000 ns] Test is running, debug_wb_pc = 0xbfc01f14
        [5732000 ns] Test is running, debug_wb_pc = 0xbfc022dc
        [5742000 ns] Test is running, debug_wb_pc = 0xbfc026c8
        [5752000 ns] Test is running, debug_wb_pc = 0xbfc02a80
        [5762000 ns] Test is running, debug_wb_pc = 0xbfc02ee8
        [5772000 ns] Test is running, debug_wb_pc = 0xbfc03334
        [5782000 ns] Test is running, debug_wb_pc = 0xbfc036f0
        [5792000 ns] Test is running, debug_wb_pc = 0xbfc03b00
        [5802000 ns] Test is running, debug_wb_pc = 0xbfc03f34
        [5812000 ns] Test is running, debug_wb_pc = 0xbfc04380
        [5822000 ns] Test is running, debug_wb_pc = 0xbfc04774
        [5832000 ns] Test is running, debug_wb_pc = 0xbfc04b64
        [5842000 ns] Test is running, debug_wb_pc = 0xbfc04fbc
        [5852000 ns] Test is running, debug_wb_pc = 0xbfc053bc
        [5862000 ns] Test is running, debug_wb_pc = 0xbfc057b0
        [5872000 ns] Test is running, debug_wb_pc = 0xbfc05b78
        [5882000 ns] Test is running, debug_wb_pc = 0xbfc05fc8
        [5892000 ns] Test is running, debug_wb_pc = 0xbfc0641c
----[5893335 ns] Number 8'd48 Functional Test Point PASS!!!
        [5902000 ns] Test is running, debug_wb_pc = 0xbfc75874
        [5912000 ns] Test is running, debug_wb_pc = 0xbfc75c50
        [5922000 ns] Test is running, debug_wb_pc = 0xbfc76010
        [5932000 ns] Test is running, debug_wb_pc = 0xbfc76458
        [5942000 ns] Test is running, debug_wb_pc = 0xbfc7683c
        [5952000 ns] Test is running, debug_wb_pc = 0xbfc76ccc
        [5962000 ns] Test is running, debug_wb_pc = 0xbfc770ec
        [5972000 ns] Test is running, debug_wb_pc = 0xbfc774ac
        [5982000 ns] Test is running, debug_wb_pc = 0xbfc77904
        [5992000 ns] Test is running, debug_wb_pc = 0xbfc77d10
        [6002000 ns] Test is running, debug_wb_pc = 0xbfc780ec
        [6012000 ns] Test is running, debug_wb_pc = 0xbfc784e8
        [6022000 ns] Test is running, debug_wb_pc = 0xbfc7894c
        [6032000 ns] Test is running, debug_wb_pc = 0xbfc78d24
        [6042000 ns] Test is running, debug_wb_pc = 0xbfc791b0
        [6052000 ns] Test is running, debug_wb_pc = 0xbfc795b0
        [6062000 ns] Test is running, debug_wb_pc = 0xbfc79980
        [6072000 ns] Test is running, debug_wb_pc = 0xbfc79df4
        [6082000 ns] Test is running, debug_wb_pc = 0xbfc7a190
        [6092000 ns] Test is running, debug_wb_pc = 0xbfc7a57c
        [6102000 ns] Test is running, debug_wb_pc = 0xbfc7a998
        [6112000 ns] Test is running, debug_wb_pc = 0xbfc7ada8
----[6120655 ns] Number 8'd49 Functional Test Point PASS!!!
        [6122000 ns] Test is running, debug_wb_pc = 0xbfc264d0
        [6132000 ns] Test is running, debug_wb_pc = 0xbfc26840
        [6142000 ns] Test is running, debug_wb_pc = 0xbfc26bc0
        [6152000 ns] Test is running, debug_wb_pc = 0xbfc26f64
        [6162000 ns] Test is running, debug_wb_pc = 0xbfc2732c
        [6172000 ns] Test is running, debug_wb_pc = 0xbfc27674
        [6182000 ns] Test is running, debug_wb_pc = 0xbfc27a48
        [6192000 ns] Test is running, debug_wb_pc = 0xbfc27da4
        [6202000 ns] Test is running, debug_wb_pc = 0xbfc28114
        [6212000 ns] Test is running, debug_wb_pc = 0xbfc28460
        [6222000 ns] Test is running, debug_wb_pc = 0xbfc287e4
        [6232000 ns] Test is running, debug_wb_pc = 0xbfc28b68
        [6242000 ns] Test is running, debug_wb_pc = 0xbfc28ecc
        [6252000 ns] Test is running, debug_wb_pc = 0xbfc29264
        [6262000 ns] Test is running, debug_wb_pc = 0xbfc295b0
        [6272000 ns] Test is running, debug_wb_pc = 0xbfc29924
        [6282000 ns] Test is running, debug_wb_pc = 0xbfc29cc8
        [6292000 ns] Test is running, debug_wb_pc = 0xbfc2a028
        [6302000 ns] Test is running, debug_wb_pc = 0xbfc2a414
        [6312000 ns] Test is running, debug_wb_pc = 0xbfc2a7b0
        [6322000 ns] Test is running, debug_wb_pc = 0xbfc2ab18
        [6332000 ns] Test is running, debug_wb_pc = 0xbfc2ae9c
        [6342000 ns] Test is running, debug_wb_pc = 0xbfc2b1ec
        [6352000 ns] Test is running, debug_wb_pc = 0xbfc2b548
        [6362000 ns] Test is running, debug_wb_pc = 0xbfc2b8b8
----[6371765 ns] Number 8'd50 Functional Test Point PASS!!!
        [6372000 ns] Test is running, debug_wb_pc = 0xbfc00a24
----[6379195 ns] Number 8'd51 Functional Test Point PASS!!!
        [6382000 ns] Test is running, debug_wb_pc = 0xbfc5b50c
        [6392000 ns] Test is running, debug_wb_pc = 0xbfc5b874
----[6400525 ns] Number 8'd52 Functional Test Point PASS!!!
        [6402000 ns] Test is running, debug_wb_pc = 0xbfc00d90
        [6412000 ns] Test is running, debug_wb_pc = 0xbfc49ad8
        [6422000 ns] Test is running, debug_wb_pc = 0xbfc49de8
----[6424965 ns] Number 8'd53 Functional Test Point PASS!!!
        [6432000 ns] Test is running, debug_wb_pc = 0xbfc31670
        [6442000 ns] Test is running, debug_wb_pc = 0xbfc319f4
----[6447615 ns] Number 8'd54 Functional Test Point PASS!!!
        [6452000 ns] Test is running, debug_wb_pc = 0xbfc7b1e0
        [6462000 ns] Test is running, debug_wb_pc = 0xbfc7b598
----[6471705 ns] Number 8'd55 Functional Test Point PASS!!!
        [6472000 ns] Test is running, debug_wb_pc = 0xbfc00d5c
        [6482000 ns] Test is running, debug_wb_pc = 0xbfc5c38c
        [6492000 ns] Test is running, debug_wb_pc = 0xbfc5c708
----[6498435 ns] Number 8'd56 Functional Test Point PASS!!!
        [6502000 ns] Test is running, debug_wb_pc = 0xbfc34118
        [6512000 ns] Test is running, debug_wb_pc = 0xbfc3451c
----[6521155 ns] Number 8'd57 Functional Test Point PASS!!!
        [6522000 ns] Test is running, debug_wb_pc = 0xbfc00d80
        [6532000 ns] Test is running, debug_wb_pc = 0xbfc32280
----[6538395 ns] Number 8'd58 Functional Test Point PASS!!!
        [6542000 ns] Test is running, debug_wb_pc = 0xbfc1ea38
        [6552000 ns] Test is running, debug_wb_pc = 0xbfc1ed5c
        [6562000 ns] Test is running, debug_wb_pc = 0xbfc1f028
        [6572000 ns] Test is running, debug_wb_pc = 0xbfc1f328
        [6582000 ns] Test is running, debug_wb_pc = 0xbfc1f654
        [6592000 ns] Test is running, debug_wb_pc = 0xbfc1f9a8
        [6602000 ns] Test is running, debug_wb_pc = 0xbfc1fc7c
        [6612000 ns] Test is running, debug_wb_pc = 0xbfc1ff98
        [6622000 ns] Test is running, debug_wb_pc = 0xbfc202dc
        [6632000 ns] Test is running, debug_wb_pc = 0xbfc20608
        [6642000 ns] Test is running, debug_wb_pc = 0xbfc208e8
        [6652000 ns] Test is running, debug_wb_pc = 0xbfc20bec
        [6662000 ns] Test is running, debug_wb_pc = 0xbfc20ee4
----[6664905 ns] Number 8'd59 Functional Test Point PASS!!!
        [6672000 ns] Test is running, debug_wb_pc = 0xbfc83d40
        [6682000 ns] Test is running, debug_wb_pc = 0xbfc84070
        [6692000 ns] Test is running, debug_wb_pc = 0xbfc843f8
        [6702000 ns] Test is running, debug_wb_pc = 0xbfc846cc
        [6712000 ns] Test is running, debug_wb_pc = 0xbfc84a10
        [6722000 ns] Test is running, debug_wb_pc = 0xbfc84d04
        [6732000 ns] Test is running, debug_wb_pc = 0xbfc85034
        [6742000 ns] Test is running, debug_wb_pc = 0xbfc85330
        [6752000 ns] Test is running, debug_wb_pc = 0xbfc8566c
        [6762000 ns] Test is running, debug_wb_pc = 0xbfc8593c
        [6772000 ns] Test is running, debug_wb_pc = 0xbfc85c00
        [6782000 ns] Test is running, debug_wb_pc = 0xbfc85f10
        [6792000 ns] Test is running, debug_wb_pc = 0xbfc861d8
----[6801965 ns] Number 8'd60 Functional Test Point PASS!!!
        [6802000 ns] Test is running, debug_wb_pc = 0xbfc864ac
        [6812000 ns] Test is running, debug_wb_pc = 0xbfc2bf28
        [6822000 ns] Test is running, debug_wb_pc = 0xbfc2c250
        [6832000 ns] Test is running, debug_wb_pc = 0xbfc2c530
        [6842000 ns] Test is running, debug_wb_pc = 0xbfc2c878
        [6852000 ns] Test is running, debug_wb_pc = 0xbfc2cb6c
        [6862000 ns] Test is running, debug_wb_pc = 0xbfc2ce90
        [6872000 ns] Test is running, debug_wb_pc = 0xbfc2d1d8
        [6882000 ns] Test is running, debug_wb_pc = 0xbfc2d4d4
        [6892000 ns] Test is running, debug_wb_pc = 0xbfc2d800
----[6901635 ns] Number 8'd61 Functional Test Point PASS!!!
        [6902000 ns] Test is running, debug_wb_pc = 0xbfc00d54
        [6912000 ns] Test is running, debug_wb_pc = 0xbfc4380c
        [6922000 ns] Test is running, debug_wb_pc = 0xbfc43b1c
        [6932000 ns] Test is running, debug_wb_pc = 0xbfc43e04
        [6942000 ns] Test is running, debug_wb_pc = 0xbfc44100
        [6952000 ns] Test is running, debug_wb_pc = 0xbfc4442c
        [6962000 ns] Test is running, debug_wb_pc = 0xbfc44734
        [6972000 ns] Test is running, debug_wb_pc = 0xbfc44a54
        [6982000 ns] Test is running, debug_wb_pc = 0xbfc44d2c
        [6992000 ns] Test is running, debug_wb_pc = 0xbfc4505c
        [7002000 ns] Test is running, debug_wb_pc = 0xbfc4535c
        [7012000 ns] Test is running, debug_wb_pc = 0xbfc45660
----[7017135 ns] Number 8'd62 Functional Test Point PASS!!!
        [7022000 ns] Test is running, debug_wb_pc = 0xbfc1cd54
        [7032000 ns] Test is running, debug_wb_pc = 0xbfc1d024
        [7042000 ns] Test is running, debug_wb_pc = 0xbfc1d324
        [7052000 ns] Test is running, debug_wb_pc = 0xbfc1d60c
        [7062000 ns] Test is running, debug_wb_pc = 0xbfc1d944
        [7072000 ns] Test is running, debug_wb_pc = 0xbfc1dc68
        [7082000 ns] Test is running, debug_wb_pc = 0xbfc1df7c
----[7083035 ns] Number 8'd63 Functional Test Point PASS!!!
        [7092000 ns] Test is running, debug_wb_pc = 0xbfc5ff64
        [7102000 ns] Test is running, debug_wb_pc = 0xbfc60298
        [7112000 ns] Test is running, debug_wb_pc = 0xbfc60618
        [7122000 ns] Test is running, debug_wb_pc = 0xbfc60904
        [7132000 ns] Test is running, debug_wb_pc = 0xbfc60c10
        [7142000 ns] Test is running, debug_wb_pc = 0xbfc60f3c
----[7149295 ns] Number 8'd64 Functional Test Point PASS!!!
        [7152000 ns] Test is running, debug_wb_pc = 0xbfc532a0
        [7162000 ns] Test is running, debug_wb_pc = 0xbfc53584
        [7172000 ns] Test is running, debug_wb_pc = 0xbfc53870
        [7182000 ns] Test is running, debug_wb_pc = 0xbfc53bcc
        [7192000 ns] Test is running, debug_wb_pc = 0xbfc53edc
        [7202000 ns] Test is running, debug_wb_pc = 0xbfc541c4
        [7212000 ns] Test is running, debug_wb_pc = 0xbfc544c0
        [7222000 ns] Test is running, debug_wb_pc = 0xbfc547e4
        [7232000 ns] Test is running, debug_wb_pc = 0xbfc54b4c
        [7242000 ns] Test is running, debug_wb_pc = 0xbfc54e6c
        [7252000 ns] Test is running, debug_wb_pc = 0xbfc551a0
        [7262000 ns] Test is running, debug_wb_pc = 0xbfc55488
        [7272000 ns] Test is running, debug_wb_pc = 0xbfc55790
        [7282000 ns] Test is running, debug_wb_pc = 0xbfc55a8c
----[7287385 ns] Number 8'd65 Functional Test Point PASS!!!
        [7292000 ns] Test is running, debug_wb_pc = 0xbfc814a8
        [7302000 ns] Test is running, debug_wb_pc = 0xbfc81788
        [7312000 ns] Test is running, debug_wb_pc = 0xbfc81ae0
        [7322000 ns] Test is running, debug_wb_pc = 0xbfc81de8
        [7332000 ns] Test is running, debug_wb_pc = 0xbfc820e4
        [7342000 ns] Test is running, debug_wb_pc = 0xbfc823cc
        [7352000 ns] Test is running, debug_wb_pc = 0xbfc82724
        [7362000 ns] Test is running, debug_wb_pc = 0xbfc829c0
        [7372000 ns] Test is running, debug_wb_pc = 0xbfc82ccc
        [7382000 ns] Test is running, debug_wb_pc = 0xbfc82ff0
        [7392000 ns] Test is running, debug_wb_pc = 0xbfc8330c
        [7402000 ns] Test is running, debug_wb_pc = 0xbfc8360c
        [7412000 ns] Test is running, debug_wb_pc = 0xbfc83918
----[7419595 ns] Number 8'd66 Functional Test Point PASS!!!
        [7422000 ns] Test is running, debug_wb_pc = 0xbfc4c3d4
        [7432000 ns] Test is running, debug_wb_pc = 0xbfc4c71c
        [7442000 ns] Test is running, debug_wb_pc = 0xbfc4ca64
        [7452000 ns] Test is running, debug_wb_pc = 0xbfc4cd9c
        [7462000 ns] Test is running, debug_wb_pc = 0xbfc4d0b8
        [7472000 ns] Test is running, debug_wb_pc = 0xbfc4d410
        [7482000 ns] Test is running, debug_wb_pc = 0xbfc4d754
----[7491865 ns] Number 8'd67 Functional Test Point PASS!!!
        [7492000 ns] Test is running, debug_wb_pc = 0xbfc00b30
        [7502000 ns] Test is running, debug_wb_pc = 0xbfc92080
        [7512000 ns] Test is running, debug_wb_pc = 0xbfc92344
        [7522000 ns] Test is running, debug_wb_pc = 0xbfc92678
        [7532000 ns] Test is running, debug_wb_pc = 0xbfc929bc
        [7542000 ns] Test is running, debug_wb_pc = 0xbfc92ce8
        [7552000 ns] Test is running, debug_wb_pc = 0xbfc93070
        [7562000 ns] Test is running, debug_wb_pc = 0xbfc93368
----[7563575 ns] Number 8'd68 Functional Test Point PASS!!!
        [7572000 ns] Test is running, debug_wb_pc = 0xbfc00418
        [7582000 ns] Test is running, debug_wb_pc = 0xbfc006b0
----[7582215 ns] Number 8'd69 Functional Test Point PASS!!!
        [7592000 ns] Test is running, debug_wb_pc = 0xbfc003a0
        [7602000 ns] Test is running, debug_wb_pc = 0xbfc865dc
----[7602515 ns] Number 8'd70 Functional Test Point PASS!!!
        [7612000 ns] Test is running, debug_wb_pc = 0xbfc3baf0
        [7622000 ns] Test is running, debug_wb_pc = 0xbfc3bbd4
----[7627735 ns] Number 8'd71 Functional Test Point PASS!!!
        [7632000 ns] Test is running, debug_wb_pc = 0xbfc006a0
        [7642000 ns] Test is running, debug_wb_pc = 0xbfc006b0
----[7651755 ns] Number 8'd72 Functional Test Point PASS!!!
        [7652000 ns] Test is running, debug_wb_pc = 0xbfc00d58
        [7662000 ns] Test is running, debug_wb_pc = 0xbfc0068c
        [7672000 ns] Test is running, debug_wb_pc = 0xbfc695e0
----[7675075 ns] Number 8'd73 Functional Test Point PASS!!!
        [7682000 ns] Test is running, debug_wb_pc = 0xbfc0039c
        [7692000 ns] Test is running, debug_wb_pc = 0xbfc68fa8
        [7702000 ns] Test is running, debug_wb_pc = 0xbfc00684
----[7703145 ns] Number 8'd74 Functional Test Point PASS!!!
        [7712000 ns] Test is running, debug_wb_pc = 0xbfc2f130
        [7722000 ns] Test is running, debug_wb_pc = 0xbfc003ac
----[7731775 ns] Number 8'd75 Functional Test Point PASS!!!
        [7732000 ns] Test is running, debug_wb_pc = 0xbfc00d5c
        [7742000 ns] Test is running, debug_wb_pc = 0xbfc004bc
        [7752000 ns] Test is running, debug_wb_pc = 0xbfc31dfc
----[7758805 ns] Number 8'd76 Functional Test Point PASS!!!
        [7762000 ns] Test is running, debug_wb_pc = 0xbfc00510
        [7772000 ns] Test is running, debug_wb_pc = 0xbfc7e474
        [7782000 ns] Test is running, debug_wb_pc = 0xbfc00508
----[7787775 ns] Number 8'd77 Functional Test Point PASS!!!
        [7792000 ns] Test is running, debug_wb_pc = 0xbfc0050c
        [7802000 ns] Test is running, debug_wb_pc = 0xbfc006a0
        [7812000 ns] Test is running, debug_wb_pc = 0xbfc00504
----[7818095 ns] Number 8'd78 Functional Test Point PASS!!!
        [7822000 ns] Test is running, debug_wb_pc = 0xbfc00584
        [7832000 ns] Test is running, debug_wb_pc = 0x92b0a2c3
        [7842000 ns] Test is running, debug_wb_pc = 0xbfc5bfbc
----[7846165 ns] Number 8'd79 Functional Test Point PASS!!!
        [7852000 ns] Test is running, debug_wb_pc = 0xbfc0922c
        [7862000 ns] Test is running, debug_wb_pc = 0xbfc006a4
        [7872000 ns] Test is running, debug_wb_pc = 0xbfc0069c
----[7872515 ns] Number 8'd80 Functional Test Point PASS!!!
        [7882000 ns] Test is running, debug_wb_pc = 0xbfc003cc
        [7892000 ns] Test is running, debug_wb_pc = 0xbfc00388
        [7902000 ns] Test is running, debug_wb_pc = 0xbfc0065c
        [7912000 ns] Test is running, debug_wb_pc = 0xbfc0063c
----[7917705 ns] Number 8'd81 Functional Test Point PASS!!!
        [7922000 ns] Test is running, debug_wb_pc = 0xbfc005e0
        [7932000 ns] Test is running, debug_wb_pc = 0xbfc005d0
        [7942000 ns] Test is running, debug_wb_pc = 0xbfc005d8
        [7952000 ns] Test is running, debug_wb_pc = 0xbfc005e0
----[7954095 ns] Number 8'd82 Functional Test Point PASS!!!
        [7962000 ns] Test is running, debug_wb_pc = 0xbfc0069c
        [7972000 ns] Test is running, debug_wb_pc = 0xbfc00678
        [7982000 ns] Test is running, debug_wb_pc = 0xbfc00394
        [7992000 ns] Test is running, debug_wb_pc = 0xbfc006a0
        [8002000 ns] Test is running, debug_wb_pc = 0xbfc003a0
        [8012000 ns] Test is running, debug_wb_pc = 0xbfc00380
----[8018455 ns] Number 8'd83 Functional Test Point PASS!!!
        [8022000 ns] Test is running, debug_wb_pc = 0xbfc0069c
        [8032000 ns] Test is running, debug_wb_pc = 0xbfc003ac
        [8042000 ns] Test is running, debug_wb_pc = 0xbfc69238
        [8052000 ns] Test is running, debug_wb_pc = 0xbfc006a4
        [8062000 ns] Test is running, debug_wb_pc = 0xbfc004f8
        [8072000 ns] Test is running, debug_wb_pc = 0xbfc00398
        [8082000 ns] Test is running, debug_wb_pc = 0xbfc006a4
----[8082755 ns] Number 8'd84 Functional Test Point PASS!!!
        [8092000 ns] Test is running, debug_wb_pc = 0xbfc5bb94
        [8102000 ns] Test is running, debug_wb_pc = 0xbfc00688
        [8112000 ns] Test is running, debug_wb_pc = 0xbfc003bc
        [8122000 ns] Test is running, debug_wb_pc = 0xbfc5bd08
        [8132000 ns] Test is running, debug_wb_pc = 0xbfc0052c
        [8142000 ns] Test is running, debug_wb_pc = 0xbfc5bde0
----[8145435 ns] Number 8'd85 Functional Test Point PASS!!!
        [8152000 ns] Test is running, debug_wb_pc = 0xbfc95b5c
        [8162000 ns] Test is running, debug_wb_pc = 0xbfc004a4
        [8172000 ns] Test is running, debug_wb_pc = 0xbfc95c5c
        [8182000 ns] Test is running, debug_wb_pc = 0xbfc006b0
        [8192000 ns] Test is running, debug_wb_pc = 0xbfc003a4
        [8202000 ns] Test is running, debug_wb_pc = 0xbfc0053c
----[8210905 ns] Number 8'd86 Functional Test Point PASS!!!
        [8212000 ns] Test is running, debug_wb_pc = 0xbfc00c6c
        [8222000 ns] Test is running, debug_wb_pc = 0xbfc408ac
        [8232000 ns] Test is running, debug_wb_pc = 0xbfc40920
        [8242000 ns] Test is running, debug_wb_pc = 0xbfc003b0
        [8252000 ns] Test is running, debug_wb_pc = 0xbfc40a00
        [8262000 ns] Test is running, debug_wb_pc = 0xbfc004fc
        [8272000 ns] Test is running, debug_wb_pc = 0xbfc005ac
----[8273135 ns] Number 8'd87 Functional Test Point PASS!!!
        [8282000 ns] Test is running, debug_wb_pc = 0xbfc1e06c
        [8292000 ns] Test is running, debug_wb_pc = 0xbfc0047c
        [8302000 ns] Test is running, debug_wb_pc = 0xbfc00690
        [8312000 ns] Test is running, debug_wb_pc = 0xbfc003bc
        [8322000 ns] Test is running, debug_wb_pc = 0xbfc1e244
        [8332000 ns] Test is running, debug_wb_pc = 0xbfc0038c
----[8337995 ns] Number 8'd88 Functional Test Point PASS!!!
        [8342000 ns] Test is running, debug_wb_pc = 0xbfc00698
        [8352000 ns] Test is running, debug_wb_pc = 0xbfc00690
        [8362000 ns] Test is running, debug_wb_pc = 0xbfc00478
        [8372000 ns] Test is running, debug_wb_pc = 0xbfc006b0
        [8382000 ns] Test is running, debug_wb_pc = 0xbfc004ec
        [8392000 ns] Test is running, debug_wb_pc = 0xbfc0067c
        [8402000 ns] Test is running, debug_wb_pc = 0xbfc00688
----[8402725 ns] Number 8'd89 Functional Test Point PASS!!!
        [8412000 ns] Test is running, debug_wb_pc = 0xbfc61238
        [8422000 ns] Test is running, debug_wb_pc = 0xbfc00494
        [8432000 ns] Test is running, debug_wb_pc = 0xbfc004bc
        [8442000 ns] Test is running, debug_wb_pc = 0xbfc00698
        [8452000 ns] Test is running, debug_wb_pc = 0xbfc003a8
        [8462000 ns] Test is running, debug_wb_pc = 0xbfc003bc
----[8467775 ns] Number 8'd90 Functional Test Point PASS!!!
        [8472000 ns] Test is running, debug_wb_pc = 0xbfc00394
        [8482000 ns] Test is running, debug_wb_pc = 0xbfc006b0
        [8492000 ns] Test is running, debug_wb_pc = 0xbfc3b860
        [8502000 ns] Test is running, debug_wb_pc = 0xbfc0067c
        [8512000 ns] Test is running, debug_wb_pc = 0xbfc00390
        [8522000 ns] Test is running, debug_wb_pc = 0xbfc0067c
----[8528935 ns] Number 8'd91 Functional Test Point PASS!!!
        [8532000 ns] Test is running, debug_wb_pc = 0xbfc003f0
        [8542000 ns] Test is running, debug_wb_pc = 0xbfc00498
        [8552000 ns] Test is running, debug_wb_pc = 0xbfc811cc
        [8562000 ns] Test is running, debug_wb_pc = 0xbfc004e0
        [8572000 ns] Test is running, debug_wb_pc = 0xbfc0038c
        [8582000 ns] Test is running, debug_wb_pc = 0xbfc0068c
----[8591145 ns] Number 8'd92 Functional Test Point PASS!!!
        [8592000 ns] Test is running, debug_wb_pc = 0xbfc00d80
        [8602000 ns] Test is running, debug_wb_pc = 0xbfc00440
        [8612000 ns] Test is running, debug_wb_pc = 0xbfc4db88
        [8622000 ns] Test is running, debug_wb_pc = 0xbfc004ec
        [8632000 ns] Test is running, debug_wb_pc = 0xbfc006b0
        [8642000 ns] Test is running, debug_wb_pc = 0xbfc00508
        [8652000 ns] Test is running, debug_wb_pc = 0xbfc00680
----[8656195 ns] Number 8'd93 Functional Test Point PASS!!!
        [8662000 ns] Test is running, debug_wb_pc = 0xbfc00684
        [8672000 ns] Test is running, debug_wb_pc = 0xbfc00498
        [8682000 ns] Test is running, debug_wb_pc = 0xbfc00384
        [8692000 ns] Test is running, debug_wb_pc = 0xbfc00690
        [8702000 ns] Test is running, debug_wb_pc = 0xbfc9ead0
        [8712000 ns] Test is running, debug_wb_pc = 0xbfc00520
----[8720175 ns] Number 8'd94 Functional Test Point PASS!!!
        [8722000 ns] Test is running, debug_wb_pc = 0xbfc00d30
==============================================================
Test end!
----PASS!!!
$finish called at time : 8722395 ns : File "D:/Study/LOONGSON/cpu_project/cpu_design_proj/cpu_design/CPU_CDE/mycpu_verify/testbench/mycpu_tb.v" Line 267
